MPASM  5.43                      UNTITLED.ASM   2-11-2025  20:49:24         PAGE  1


LOC  OBJECT CODE     LINE SOURCE TEXT
  VALUE

                      00001 ;;;;;;;;;;;;;;;;;;;;;;;;;;;;;;;;;;;;;;;;;;;;;;;;;;;;;;;;;;;
                      00002 ;
                      00003 ;       Project:                Interfacing PICs 
                      00004 ;       Source File Name:       VINTEST.ASM             
                      00005 ;       Devised by:             MPB             
                      00006 ;       Date:                   19-12-05
                      00007 ;       Status:                 Final version
                      00008 ;
                      00009 ;;;;;;;;;;;;;;;;;;;;;;;;;;;;;;;;;;;;;;;;;;;;;;;;;;;;;;;;;;;
                      00010 ;
                      00011 ;       Demonstrates simple analogue input
                      00012 ;       using an external reference voltage of 2.56V
                      00013 ;       The 8-bit result is converted to BCD for display
                      00014 ;       as a voltage using the standard LCD routines.
                      00015 ;       
                      00016 ;;;;;;;;;;;;;;;;;;;;;;;;;;;;;;;;;;;;;;;;;;;;;;;;;;;;;;;;;;;
                      00017 
                      00018         PROCESSOR 16F877A
                      00019 ;       Clock = XT 4MHz, standard fuse settings
2007   3731           00020         __CONFIG 0x3731
                      00021 
                      00022 ;       LABEL EQUATES   ;;;;;;;;;;;;;;;;;;;;;;;;;;;;;;;;;;;
                      00023 
                      00024         #INCLUDE "P16F877A.INC"         ; standard labels       
                      00001         LIST
                      00002 ; P16F877A.INC  Standard Header File, Version 1.00    Microchip Technology, Inc.
                      00398         LIST
                      00025 
                      00026 ; GPR 70 - 75 allocated to included LCD display routine
                      00027 
  00000032            00028 count   EQU     32      ; Counter for ADC setup delay
  00000033            00029 ADbin   EQU     33      ; Binary input value
  00000034            00030 huns    EQU     34      ; Hundreds digit in decimal value
  00000035            00031 tens    EQU     35      ; Tens digit in decimal value
  00000036            00032 ones    EQU     36      ; Ones digit in decimal value
                      00033 
                      00034 ; PROGRAM BEGINS ;;;;;;;;;;;;;;;;;;;;;;;;;;;;;;;;;;;;;;;;;;
                      00035 
0000                  00036         ORG     0               ; Default start address 
0000   0000           00037         NOP                     ; required for ICD mode
                      00038         
                      00039 ; Port & display setup.....................................
                      00040 
0001   1683 1303      00041         BANKSEL TRISD           ; Select bank 1
Message[302]: Register in operand not in bank 0.  Ensure that bank bits are correct.
0003   0188           00042         CLRF    TRISD           ; Display port is output
0004   3003           00043         MOVLW   B'00000011'     ; Analogue input setup code
Message[302]: Register in operand not in bank 0.  Ensure that bank bits are correct.
0005   009F           00044         MOVWF   ADCON1          ; Left justify result, 
                      00045                                 ; Port A = analogue inputs
                      00046 
0006   1283 1303      00047         BANKSEL PORTD           ; Select bank 0
0008   0188           00048         CLRF    PORTD           ; Clear display outputs
MPASM  5.43                      UNTITLED.ASM   2-11-2025  20:49:24         PAGE  2


LOC  OBJECT CODE     LINE SOURCE TEXT
  VALUE

0009   3041           00049         MOVLW   B'01000001'     ; Analogue input setup code
000A   009F           00050         MOVWF   ADCON0          ; f/8, RA0, done, enable  
000B   2071           00051         CALL    inid            ; Initialise the display
                      00052 
                      00053 ; MAIN LOOP ;;;;;;;;;;;;;;;;;;;;;;;;;;;;;;;;;;;;;;;;;;;;;;;
                      00054 
000C                  00055 start   
000C   2011           00056                 CALL    getADC          ; read input
000D   2016           00057                 CALL    condec          ; convert to decimal
000E   202D           00058                 CALL    putLCD          ; display input
000F   208C           00059                 CALL    onesecond
0010   280C           00060                 GOTO    start           ; jump to main loop
                      00061 
                      00062 ; SUBROUTINES ;;;;;;;;;;;;;;;;;;;;;;;;;;;;;;;;;;;;;;;;;;;;;
                      00063 
                      00064 ; Read ADC input and store ................................
                      00065 
0011   151F           00066 getADC  BSF             ADCON0,GO       ; start ADC..
0012   191F           00067 wait    BTFSC   ADCON0,GO       ; ..and wait for finish  (b'11111111' = 255)
0013   2812           00068                 GOTO    wait
0014   081E           00069                 MOVF    ADRESH,W        ; store result high byte
0015   0008           00070                 RETURN                          
                      00071         
                      00072 ; Convert input to decimal ................................
                      00073 
0016   00B3           00074 condec  MOVWF   ADbin           ; get ADC result
0017   01B4           00075                 CLRF    huns            ; zero hundreds digit = 2
0018   01B5           00076                 CLRF    tens            ; zero tens digit = 5
0019   01B6           00077                 CLRF    ones            ; zero ones digit = 5
                      00078 
                      00079 ; Calclulate hundreds......................................
                      00080 
001A   1403           00081 ?               BSF             STATUS,C        ; set carry for subtract
001B   3064           00082                 MOVLW   D'100'          ; load 100
001C   02B3           00083 sub1    SUBWF   ADbin,1         ; and subtract from result
Message[305]: Using default destination of 1 (file).
001D   0AB4           00084                 INCF    huns            ; count number of loops
001E   1803           00085                 BTFSC   STATUS,C        ; and check if done
001F   281C           00086                 GOTO    sub1            ; no, carry on
                      00087 
0020   07B3           00088                 ADDWF   ADbin,1         ; yes, add 100 back on
Message[305]: Using default destination of 1 (file).
0021   03B4           00089                 DECF    huns            ; and correct loop count
                      00090 
                      00091 ; Calculate tens digit.....................................
                      00092 
0022   1403           00093                 BSF             STATUS,C        ; repeat process for tens
0023   300A           00094                 MOVLW   D'10'           ; load 10
Message[305]: Using default destination of 1 (file).
0024   02B3           00095 sub2    SUBWF   ADbin           ; and subtract from result
Message[305]: Using default destination of 1 (file).
0025   0AB5           00096                 INCF    tens            ; count number of loops
0026   1803           00097                 BTFSC   STATUS,C        ; and check if done
MPASM  5.43                      UNTITLED.ASM   2-11-2025  20:49:24         PAGE  3


LOC  OBJECT CODE     LINE SOURCE TEXT
  VALUE

0027   2824           00098                 GOTO    sub2            ; no, carry on
                      00099 
Message[305]: Using default destination of 1 (file).
0028   07B3           00100                 ADDWF   ADbin           ; yes, add 100 back on
Message[305]: Using default destination of 1 (file).
0029   03B5           00101                 DECF    tens            ; and correct loop count
002A   0833           00102                 MOVF    ADbin,W         ; load remainder
002B   00B6           00103                 MOVWF   ones            ; and store as ones digit
                      00104 
002C   0008           00105                 RETURN                          ; done
                      00106 
                      00107 ; Output to display........................................
                      00108 
002D   10F4           00109 putLCD  BCF             Select,RS       ; set display command mode
002E   3080           00110                 MOVLW   0x80                    ; code to home cursor
002F   2061           00111                 CALL    send            ; output it to display
0030   14F4           00112                 BSF             Select,RS       ; and restore data mode
                      00113 
                      00114 ; Convert digits to ASCII and display......................
                      00115 
0031   3030           00116         MOVLW   030                     ; load ASCII offset
0032   07B4           00117         ADDWF   huns,1          ; convert hundreds to ASCII
0033   07B5           00118         ADDWF   tens,1          ; convert tens to ASCII
0034   07B6           00119         ADDWF   ones,1          ; convert ones to ASCII
                      00120 
0035   0834           00121         MOVF    huns,W          ; load hundreds code
0036   2061           00122         CALL    send            ; and send to display
0037   302E           00123         MOVLW   '.'                     ; load point code
0038   2061           00124         CALL    send            ; and output
0039   0835           00125         MOVF    tens,W          ; load tens code
003A   2061           00126         CALL    send            ; and output
003B   0836           00127         MOVF    ones,W          ; load ones code
003C   2061           00128         CALL    send            ; and output
003D   3020           00129         MOVLW   ' '                     ; load space code
003E   2061           00130         CALL    send            ; and output
003F   3056           00131         MOVLW   'V'                     ; load volts code
0040   2061           00132         CALL    send            ; and output
0041   306F           00133         MOVLW   'o'                     ; load volts code
0042   2061           00134         CALL    send            ; and output
0043   306C           00135         MOVLW   'l'                     ; load volts code
0044   2061           00136         CALL    send            ; and output
0045   3074           00137         MOVLW   't'                     ; load volts code
0046   2061           00138         CALL    send            ; and output
0047   3073           00139         MOVLW   's'                     ; load volts code
0048   2061           00140         CALL    send            ; and output
                      00141 
0049   0008           00142         RETURN                          ; done
                      00143 
                      00144 
004A                  00145 testing:
004A   10F4           00146                 BCF             Select,RS       ; set display command mode
004B   3080           00147                 MOVLW   0x80                    ; code to home cursor
004C   2061           00148                 CALL    send            ; output it to display
MPASM  5.43                      UNTITLED.ASM   2-11-2025  20:49:24         PAGE  4


LOC  OBJECT CODE     LINE SOURCE TEXT
  VALUE

004D   14F4           00149                 BSF             Select,RS       ; and restore data mode
                      00150 
004E   3054           00151                 MOVLW   'T'                     ; load space code
004F   2061           00152                 CALL    send            ; and output
                      00153 
0050   0008           00154                 RETURN
                      00155         
                      00156 ; INCLUDED ROUTINES ;;;;;;;;;;;;;;;;;;;;;;;;;;;;;;;;;;;;;;;
                      00157 
                      00158 ; Include LCD driver routines
                      00159 ;
                      00160         #INCLUDE "LCDIS.INC"
                      00001 ;--------------------------------------------------------------
                      00002 ;       LCDIS.INC               MPB     19-12-05
                      00003 ;
                      00004 ;       Include file to operate 16x2 LCD display
                      00005 ;       Uses GPR 70 - 75
                      00006 ;       
                      00007 ;       Final version
                      00008 ;--------------------------------------------------------------
                      00009 
  00000070            00010 Timer1  EQU     70              ; 1ms count register
  00000071            00011 TimerX  EQU     71              ; Xms count register
  00000072            00012 Var     EQU     72              ; Output variable
  00000073            00013 Point   EQU     73              ; Program table pointer
  00000074            00014 Select  EQU     74              ; Used to set or clear RS bit
  00000075            00015 OutCod  EQU     75              ; Temp store for output code
                      00016 
  00000001            00017 RS      EQU     1               ; Register select output bit
  00000002            00018 E       EQU     2               ; Enable display input
                      00019 
                      00020 
                      00021 ;--------------------------------------------------------------
                      00022 ;       1ms delay with 1us cycle time (1000 cycles)
                      00023 ;--------------------------------------------------------------
0051   30F9           00024 onems   MOVLW   D'249'          ; Count for 1ms delay 
0052   00F0           00025         MOVWF   Timer1          ; Load count
0053   0000           00026 loop1   NOP                     ; Pad for 4 cycle loop
Message[305]: Using default destination of 1 (file).
0054   0BF0           00027         DECFSZ  Timer1          ; Count
0055   2853           00028         GOTO    loop1           ; until Z
0056   0008           00029         RETURN                  ; and finish
                      00030 
                      00031 ;--------------------------------------------------------------
                      00032 ;       Delay Xms
                      00033 ;       Receives count in W, uses Onems
                      00034 ;--------------------------------------------------------------
0057   00F1           00035 xms     MOVWF   TimerX          ; Count for X ms
0058   2051           00036 loopX   CALL    onems           ; Delay 1ms
Message[305]: Using default destination of 1 (file).
0059   0BF1           00037         DECFSZ  TimerX          ; Repeat X times 
005A   2858           00038         GOTO    loopX           ; until Z
005B   0008           00039         RETURN                  ; and finish
MPASM  5.43                      UNTITLED.ASM   2-11-2025  20:49:24         PAGE  5


LOC  OBJECT CODE     LINE SOURCE TEXT
  VALUE

                      00040 
                      00041 ;--------------------------------------------------------------
                      00042 ;       Generate data/command clock siganl E
                      00043 ;--------------------------------------------------------------
005C   1508           00044 pulseE  BSF     PORTD,E         ; Set E high
005D   2051           00045         CALL    onems           ; Delay 1ms
005E   1108           00046         BCF     PORTD,E         ; Reset E low
005F   2051           00047         CALL    onems           ; Delay 1ms
0060   0008           00048         RETURN                  ; done
                      00049 
                      00050 ;--------------------------------------------------------------
                      00051 ;       Send a command byte in two nibbles from RB4 - RB7
                      00052 ;       Receives command in W, uses PulseE and Onems
                      00053 ;--------------------------------------------------------------
0061   00F5           00054 send    MOVWF   OutCod          ; Store output code
0062   39F0           00055         ANDLW   0F0             ; Clear low nybble
0063   0088           00056         MOVWF   PORTD           ; Output high nybble
0064   18F4           00057         BTFSC   Select,RS       ; Test RS bit
0065   1488           00058         BSF     PORTD,RS        ; and set for data
0066   205C           00059         CALL    pulseE          ; and clock display register
0067   2051           00060         CALL    onems           ; wait 1ms for display
                      00061 
Message[305]: Using default destination of 1 (file).
0068   0EF5           00062         SWAPF   OutCod          ; Swap low and high nybbles 
0069   0875           00063         MOVF    OutCod,W        ; Retrieve output code
006A   39F0           00064         ANDLW   0F0             ; Clear low nybble
006B   0088           00065         MOVWF   PORTD           ; Output low nybble
006C   18F4           00066         BTFSC   Select,RS       ; Test RS bit
006D   1488           00067         BSF     PORTD,RS        ; and set for data
006E   205C           00068         CALL    pulseE          ; and clock display register
006F   2051           00069         CALL    onems           ; wait 1ms for display
0070   0008           00070         RETURN                  ; done
                      00071 
                      00072 ;--------------------------------------------------------------
                      00073 ;       Initialise the display
                      00074 ;       Uses Send
                      00075 ;--------------------------------------------------------------
0071   3064           00076 inid    MOVLW   D'100'          ; Load count for 100ms delay
0072   2057           00077         CALL    xms             ; and wait for display start
0073   30F0           00078         MOVLW   0F0             ; Mask for select code
0074   00F4           00079         MOVWF   Select          ; High nybble not masked
                      00080 
0075   3030           00081         MOVLW   0x30            ; Load initial nibble
0076   0088           00082         MOVWF   PORTD           ; and output it to display
0077   205C           00083         CALL    pulseE          ; Latch initial code
0078   3005           00084         MOVLW   D'5'            ; Set delay 5ms
0079   2057           00085         CALL    xms             ; and wait
007A   205C           00086         CALL    pulseE          ; Latch initial code again
007B   2051           00087         CALL    onems           ; Wait 1ms
007C   205C           00088         CALL    pulseE          ; Latch initial code again
007D   1208           00089         BCF     PORTD,4         ; Set 4-bit mode
007E   205C           00090         CALL    pulseE          ; Latch it
                      00091         
MPASM  5.43                      UNTITLED.ASM   2-11-2025  20:49:24         PAGE  6


LOC  OBJECT CODE     LINE SOURCE TEXT
  VALUE

007F   3028           00092         MOVLW   0x28            ; Set 4-bit mode, 2 lines
0080   2061           00093         CALL    send            ; and send code
0081   3008           00094         MOVLW   0x08            ; Switch off display
0082   2061           00095         CALL    send            ; and send code
0083   3001           00096         MOVLW   0x01            ; Code to clear display
0084   2061           00097         CALL    send            ; and send code
0085   3006           00098         MOVLW   0x06            ; Enable cursor auto inc  
0086   2061           00099         CALL    send            ; and send code
0087   3080           00100         MOVLW   0x80            ; Zero display address
0088   2061           00101         CALL    send            ; and send code
0089   300C           00102         MOVLW   0x0C            ; Turn on display  
008A   2061           00103         CALL    send            ; and send code
                      00104 
008B   0008           00105         RETURN                  ; Done
                      00106 
                      00107 ;--------------------------------------------------------------
                      00108 ;       Delay 1 seconds (1000ms) 
                      00109 ;       Uses xms
                      00110 ;--------------------------------------------------------------
                      00111 ; nested loop of xms since the maximum number can be in W is 255
008C   30FA           00112 onesecond       MOVLW   D'250'          ; Count for 1 second
008D   2057           00113         CALL    xms                     ; Delay 1 second
008E   30FA           00114         MOVLW   D'250'          ; Count for 1 second
008F   2057           00115         CALL    xms                     ; Delay 1 second
0090   30FA           00116         MOVLW   D'250'          ; Count for 1 second
0091   2057           00117         CALL    xms                     ; Delay 1 second
0092   30FA           00118         MOVLW   D'250'          ; Count for 1 second
0093   2057           00119         CALL    xms                     ; Delay 1 second
0094   0008           00120         RETURN                          ; and finish
                      00121 
                      00122 ;--------------------------------------------------------------
                      00123 ;       xsecond delay
                      00124 ;       Receives count in W, uses onesecond
                      00125 ;--------------------------------------------------------------
0095   00F2           00126 xseconds        MOVWF   Var             ; Store count
0096   208C           00127 loopx   CALL    onesecond       ; Delay 1 second
Message[305]: Using default destination of 1 (file).
0097   0BF2           00128         DECFSZ  Var                     ; Repeat count times
0098   2896           00129         GOTO    loopx           ; until Z
0099   0008           00130         RETURN                          ; and finish
                      00131         
                      00132         
                      00133 ;clear
                      00161 ;       Contains routines:
                      00162 ;       inid:   Initialises display
                      00163 ;       onems:  1 ms delay
                      00164 ;       xms:    X ms delay
                      00165 ;               Receives X in W
                      00166 ;       send:   Sends a character to display
                      00167 ;               Receives: Control code in W (Select,RS=0)
                      00168 ;                         ASCII character code in W (RS=1)      
                      00169 
                      00170         END     ;;;;;;;;;;;;;;;;;;;;;;;;;;;;;;;;;;;;;;;;;;;
MPASM  5.43                      UNTITLED.ASM   2-11-2025  20:49:24         PAGE  7


SYMBOL TABLE
  LABEL                             VALUE 

?                                 0000001A
ACKDT                             00000005
ACKEN                             00000004
ACKSTAT                           00000006
ADCON0                            0000001F
ADCON1                            0000009F
ADCS0                             00000006
ADCS1                             00000007
ADDEN                             00000003
ADFM                              00000007
ADIE                              00000006
ADIF                              00000006
ADON                              00000000
ADRESH                            0000001E
ADRESL                            0000009E
ADbin                             00000033
BCLIE                             00000003
BCLIF                             00000003
BF                                00000000
BRGH                              00000002
C                                 00000000
C1INV                             00000004
C1OUT                             00000006
C2INV                             00000005
C2OUT                             00000007
CCP1CON                           00000017
CCP1IE                            00000002
CCP1IF                            00000002
CCP1M0                            00000000
CCP1M1                            00000001
CCP1M2                            00000002
CCP1M3                            00000003
CCP1X                             00000005
CCP1Y                             00000004
CCP2CON                           0000001D
CCP2IE                            00000000
CCP2IF                            00000000
CCP2M0                            00000000
CCP2M1                            00000001
CCP2M2                            00000002
CCP2M3                            00000003
CCP2X                             00000005
CCP2Y                             00000004
CCPR1H                            00000016
CCPR1L                            00000015
CCPR2H                            0000001C
CCPR2L                            0000001B
CHS0                              00000003
CHS1                              00000004
CHS2                              00000005
CIS                               00000003
CKE                               00000006
CKP                               00000004
MPASM  5.43                      UNTITLED.ASM   2-11-2025  20:49:24         PAGE  8


SYMBOL TABLE
  LABEL                             VALUE 

CM0                               00000000
CM1                               00000001
CM2                               00000002
CMCON                             0000009C
CMIE                              00000006
CMIF                              00000006
CREN                              00000004
CSRC                              00000007
CVR0                              00000000
CVR1                              00000001
CVR2                              00000002
CVR3                              00000003
CVRCON                            0000009D
CVREN                             00000007
CVROE                             00000006
CVRR                              00000005
D                                 00000005
DATA_ADDRESS                      00000005
DC                                00000001
D_A                               00000005
E                                 00000002
EEADR                             0000010D
EEADRH                            0000010F
EECON1                            0000018C
EECON2                            0000018D
EEDATA                            0000010C
EEDATH                            0000010E
EEIE                              00000004
EEIF                              00000004
EEPGD                             00000007
F                                 00000001
FERR                              00000002
FSR                               00000004
GCEN                              00000007
GIE                               00000007
GO                                00000002
GO_DONE                           00000002
I2C_DATA                          00000005
I2C_READ                          00000002
I2C_START                         00000003
I2C_STOP                          00000004
IBF                               00000007
IBOV                              00000005
INDF                              00000000
INTCON                            0000000B
INTE                              00000004
INTEDG                            00000006
INTF                              00000001
IRP                               00000007
NOT_A                             00000005
NOT_ADDRESS                       00000005
NOT_BO                            00000000
NOT_BOR                           00000000
MPASM  5.43                      UNTITLED.ASM   2-11-2025  20:49:24         PAGE  9


SYMBOL TABLE
  LABEL                             VALUE 

NOT_DONE                          00000002
NOT_PD                            00000003
NOT_POR                           00000001
NOT_RBPU                          00000007
NOT_RC8                           00000006
NOT_T1SYNC                        00000002
NOT_TO                            00000004
NOT_TX8                           00000006
NOT_W                             00000002
NOT_WRITE                         00000002
OBF                               00000006
OERR                              00000001
OPTION_REG                        00000081
OutCod                            00000075
P                                 00000004
PCFG0                             00000000
PCFG1                             00000001
PCFG2                             00000002
PCFG3                             00000003
PCL                               00000002
PCLATH                            0000000A
PCON                              0000008E
PEIE                              00000006
PEN                               00000002
PIE1                              0000008C
PIE2                              0000008D
PIR1                              0000000C
PIR2                              0000000D
PORTA                             00000005
PORTB                             00000006
PORTC                             00000007
PORTD                             00000008
PORTE                             00000009
PR2                               00000092
PS0                               00000000
PS1                               00000001
PS2                               00000002
PSA                               00000003
PSPIE                             00000007
PSPIF                             00000007
PSPMODE                           00000004
Point                             00000073
R                                 00000002
RBIE                              00000003
RBIF                              00000000
RC8_9                             00000006
RC9                               00000006
RCD8                              00000000
RCEN                              00000003
RCIE                              00000005
RCIF                              00000005
RCREG                             0000001A
RCSTA                             00000018
MPASM  5.43                      UNTITLED.ASM   2-11-2025  20:49:24         PAGE 10


SYMBOL TABLE
  LABEL                             VALUE 

RD                                00000000
READ_WRITE                        00000002
RP0                               00000005
RP1                               00000006
RS                                00000001
RSEN                              00000001
RX9                               00000006
RX9D                              00000000
R_W                               00000002
S                                 00000003
SEN                               00000000
SMP                               00000007
SPBRG                             00000099
SPEN                              00000007
SREN                              00000005
SSPADD                            00000093
SSPBUF                            00000013
SSPCON                            00000014
SSPCON2                           00000091
SSPEN                             00000005
SSPIE                             00000003
SSPIF                             00000003
SSPM0                             00000000
SSPM1                             00000001
SSPM2                             00000002
SSPM3                             00000003
SSPOV                             00000006
SSPSTAT                           00000094
STATUS                            00000003
SYNC                              00000004
Select                            00000074
T0CS                              00000005
T0IE                              00000005
T0IF                              00000002
T0SE                              00000004
T1CKPS0                           00000004
T1CKPS1                           00000005
T1CON                             00000010
T1INSYNC                          00000002
T1OSCEN                           00000003
T1SYNC                            00000002
T2CKPS0                           00000000
T2CKPS1                           00000001
T2CON                             00000012
TMR0                              00000001
TMR0IE                            00000005
TMR0IF                            00000002
TMR1CS                            00000001
TMR1H                             0000000F
TMR1IE                            00000000
TMR1IF                            00000000
TMR1L                             0000000E
TMR1ON                            00000000
MPASM  5.43                      UNTITLED.ASM   2-11-2025  20:49:24         PAGE 11


SYMBOL TABLE
  LABEL                             VALUE 

TMR2                              00000011
TMR2IE                            00000001
TMR2IF                            00000001
TMR2ON                            00000002
TOUTPS0                           00000003
TOUTPS1                           00000004
TOUTPS2                           00000005
TOUTPS3                           00000006
TRISA                             00000085
TRISB                             00000086
TRISC                             00000087
TRISD                             00000088
TRISE                             00000089
TRISE0                            00000000
TRISE1                            00000001
TRISE2                            00000002
TRMT                              00000001
TX8_9                             00000006
TX9                               00000006
TX9D                              00000000
TXD8                              00000000
TXEN                              00000005
TXIE                              00000004
TXIF                              00000004
TXREG                             00000019
TXSTA                             00000098
Timer1                            00000070
TimerX                            00000071
UA                                00000001
Var                               00000072
W                                 00000000
WCOL                              00000007
WR                                00000001
WREN                              00000002
WRERR                             00000003
Z                                 00000002
_BODEN_OFF                        00003FBF
_BODEN_ON                         00003FFF
_CPD_OFF                          00003FFF
_CPD_ON                           00003EFF
_CP_ALL                           00001FFF
_CP_OFF                           00003FFF
_DEBUG_OFF                        00003FFF
_DEBUG_ON                         000037FF
_HS_OSC                           00003FFE
_LP_OSC                           00003FFC
_LVP_OFF                          00003F7F
_LVP_ON                           00003FFF
_PWRTE_OFF                        00003FFF
_PWRTE_ON                         00003FF7
_RC_OSC                           00003FFF
_WDT_OFF                          00003FFB
_WDT_ON                           00003FFF
MPASM  5.43                      UNTITLED.ASM   2-11-2025  20:49:24         PAGE 12


SYMBOL TABLE
  LABEL                             VALUE 

_WRT_1FOURTH                      00003BFF
_WRT_256                          00003DFF
_WRT_HALF                         000039FF
_WRT_OFF                          00003FFF
_XT_OSC                           00003FFD
__16F877A                         00000001
__DEBUG                           1
condec                            00000016
count                             00000032
getADC                            00000011
huns                              00000034
inid                              00000071
loop1                             00000053
loopX                             00000058
loopx                             00000096
onems                             00000051
ones                              00000036
onesecond                         0000008C
pulseE                            0000005C
putLCD                            0000002D
send                              00000061
start                             0000000C
sub1                              0000001C
sub2                              00000024
tens                              00000035
testing                           0000004A
wait                              00000012
xms                               00000057
xseconds                          00000095


MEMORY USAGE MAP ('X' = Used,  '-' = Unused)

0000 : XXXXXXXXXXXXXXXX XXXXXXXXXXXXXXXX XXXXXXXXXXXXXXXX XXXXXXXXXXXXXXXX
0040 : XXXXXXXXXXXXXXXX XXXXXXXXXXXXXXXX XXXXXXXXXXXXXXXX XXXXXXXXXXXXXXXX
0080 : XXXXXXXXXXXXXXXX XXXXXXXXXX------ ---------------- ----------------
2000 : -------X-------- ---------------- ---------------- ----------------

All other memory blocks unused.

Program Memory Words Used:   154
Program Memory Words Free:  8038


Errors   :     0
Warnings :     0 reported,     0 suppressed
Messages :    12 reported,     0 suppressed

